[2025-07-20 19:42:33.321][thread 116690][info][default][config.hpp:543]: ConfigVar [name:server.port, valueType:int] exists
[2025-07-20 19:42:33.321][thread 116690][error][default][config.hpp:553]: ConfigVar name server.port exists but type not std::__cxx11::basic_string<char, std::char_traits<char>, std::allocator<char> >, real type is int:8000
[2025-07-20 19:42:33.321][thread 116690][error][default][config.hpp:553]: ConfigVar name server.hosts exists but type not std::vector<int, std::allocator<int> >, real type is std::vector<std::__cxx11::basic_string<char, std::char_traits<char>, std::allocator<char> >, std::allocator<std::__cxx11::basic_string<char, std::char_traits<char>, std::allocator<char> > > >:- localhost
[2025-07-20 19:42:33.321][thread 116690][error][default][config.hpp:560]: ConfigVar name invalid: invalid-name
[2025-07-20 19:42:33.321][thread 116690][error][default][config.hpp:560]: ConfigVar name invalid: InvalidName
[2025-07-20 19:42:33.321][thread 116690][error][default][config.hpp:560]: ConfigVar name invalid: invalid@name
[2025-07-20 19:42:33.321][thread 116690][error][default][config.hpp:560]: ConfigVar name invalid: invalid#name
[2025-07-20 19:42:33.321][thread 116690][error][default][config.hpp:560]: ConfigVar name invalid: #invalid.name
[2025-07-20 19:42:33.321][thread 116690][error][default][config.hpp:560]: ConfigVar name invalid: 
[2025-07-20 19:42:33.329][thread 116690][info][default][config.cpp:130]: Loaded config file '/home/zyz/CPlusPlusProject/Velox/test/config/server.yml'
[2025-07-20 19:42:33.329][thread 116690][warning][default][config.cpp:85]: Unrecognized config key: workers
[2025-07-20 19:42:33.329][thread 116690][warning][default][config.cpp:85]: Unrecognized config key: workers.io
[2025-07-20 19:42:33.329][thread 116690][warning][default][config.cpp:85]: Unrecognized config key: workers.http_io
[2025-07-20 19:42:33.329][thread 116690][warning][default][config.cpp:85]: Unrecognized config key: workers.accept
[2025-07-20 19:42:33.329][thread 116690][warning][default][config.cpp:85]: Unrecognized config key: workers.worker
[2025-07-20 19:42:33.329][thread 116690][warning][default][config.cpp:85]: Unrecognized config key: workers.notify
[2025-07-20 19:42:33.329][thread 116690][warning][default][config.cpp:85]: Unrecognized config key: workers.service_io
[2025-07-20 19:42:33.329][thread 116690][info][default][config.cpp:130]: Loaded config file '/home/zyz/CPlusPlusProject/Velox/test/config/worker.yml'
[2025-07-20 19:42:33.330][thread 116690][info][default][config.cpp:130]: Loaded config file '/home/zyz/CPlusPlusProject/Velox/test/config/log.yml'
[2025-07-20 19:42:33.333][thread 116690][warning][default][config.cpp:85]: Unrecognized config key: servers
[2025-07-20 19:42:33.333][thread 116690][info][default][config.cpp:130]: Loaded config file '/home/zyz/CPlusPlusProject/Velox/test/config/server.yml'
[2025-07-20 19:42:33.333][thread 116690][warning][default][config.cpp:85]: Unrecognized config key: workers
[2025-07-20 19:42:33.333][thread 116690][warning][default][config.cpp:85]: Unrecognized config key: workers.io
[2025-07-20 19:42:33.333][thread 116690][warning][default][config.cpp:85]: Unrecognized config key: workers.http_io
[2025-07-20 19:42:33.333][thread 116690][warning][default][config.cpp:85]: Unrecognized config key: workers.accept
[2025-07-20 19:42:33.333][thread 116690][warning][default][config.cpp:85]: Unrecognized config key: workers.worker
[2025-07-20 19:42:33.333][thread 116690][warning][default][config.cpp:85]: Unrecognized config key: workers.notify
[2025-07-20 19:42:33.333][thread 116690][warning][default][config.cpp:85]: Unrecognized config key: workers.service_io
[2025-07-20 19:42:33.333][thread 116690][info][default][config.cpp:130]: Loaded config file '/home/zyz/CPlusPlusProject/Velox/test/config/worker.yml'
[2025-07-20 19:42:33.333][thread 116690][warning][default][config.cpp:85]: Unrecognized config key: logs
[2025-07-20 19:42:33.333][thread 116690][info][default][config.cpp:130]: Loaded config file '/home/zyz/CPlusPlusProject/Velox/test/config/log.yml'
[2025-07-20 19:42:33.333][thread 116690][info][default][config.cpp:121]: Skip config file '/home/zyz/CPlusPlusProject/Velox/test/config/server.yml': unchanged since last load.
[2025-07-20 19:42:33.333][thread 116690][info][default][config.cpp:121]: Skip config file '/home/zyz/CPlusPlusProject/Velox/test/config/worker.yml': unchanged since last load.
[2025-07-20 19:42:33.333][thread 116690][info][default][config.cpp:121]: Skip config file '/home/zyz/CPlusPlusProject/Velox/test/config/log.yml': unchanged since last load.
[2025-07-20 19:42:33.334][thread 116690][warning][default][config.cpp:85]: Unrecognized config key: servers
[2025-07-20 19:42:33.334][thread 116690][info][default][config.cpp:130]: Loaded config file '/home/zyz/CPlusPlusProject/Velox/test/config/server.yml'
[2025-07-20 19:42:33.334][thread 116690][warning][default][config.cpp:85]: Unrecognized config key: workers
[2025-07-20 19:42:33.334][thread 116690][warning][default][config.cpp:85]: Unrecognized config key: workers.io
[2025-07-20 19:42:33.334][thread 116690][warning][default][config.cpp:85]: Unrecognized config key: workers.http_io
[2025-07-20 19:42:33.334][thread 116690][warning][default][config.cpp:85]: Unrecognized config key: workers.accept
[2025-07-20 19:42:33.334][thread 116690][warning][default][config.cpp:85]: Unrecognized config key: workers.worker
[2025-07-20 19:42:33.334][thread 116690][warning][default][config.cpp:85]: Unrecognized config key: workers.notify
[2025-07-20 19:42:33.334][thread 116690][warning][default][config.cpp:85]: Unrecognized config key: workers.service_io
[2025-07-20 19:42:33.334][thread 116690][info][default][config.cpp:130]: Loaded config file '/home/zyz/CPlusPlusProject/Velox/test/config/worker.yml'
[2025-07-20 19:42:33.334][thread 116690][warning][default][config.cpp:85]: Unrecognized config key: logs
[2025-07-20 19:42:33.334][thread 116690][info][default][config.cpp:130]: Loaded config file '/home/zyz/CPlusPlusProject/Velox/test/config/log.yml'
